<?xml version="1.0" encoding="UTF-8"?>
<!-- Generated by org.testng.reporters.JUnitXMLReporter -->
<testsuite ignored="0" hostname="HP-PC" failures="0" tests="4" name="Test1" time="0.09" errors="0" timestamp="2022-06-18T12:41:30 IST">
  <testcase classname="demo.TestNGParametersDemo" name="test3" time="0.014"/>
  <testcase classname="demo.TestNGParametersDemo" name="test4" time="0.002"/>
  <testcase classname="demo.TestNGParametersDemo" name="test1" time="0.003"/>
  <testcase classname="demo.TestNGParametersDemo" name="test2" time="0.002"/>
</testsuite> <!-- Test1 -->
